Build started 07/02/2014 3:02:18 PM.
     1>Project "C:\Users\Tylar\Documents\Garnet-Engine\Garnet Engine\Garnet Engine\Garnet Engine.vcxproj" on node 2 (build target(s)).
     1>InitializeBuildStatus:
         Creating "Debug\Garnet Engine.unsuccessfulbuild" because "AlwaysCreate" was specified.
       ClCompile:
         c:\Program Files (x86)\Microsoft Visual Studio 10.0\VC\bin\CL.exe /c /ZI /nologo /W3 /WX- /Od /Oy- /D WIN32 /D _DEBUG /D _WINDOWS /D _UNICODE /D UNICODE /Gm /EHsc /RTC1 /MDd /GS /fp:precise /Zc:wchar_t /Zc:forScope /Fo"Debug\\" /Fd"Debug\vc100.pdb" /Gd /TP /analyze- /errorReport:prompt graphicsclass.cpp
         graphicsclass.cpp
       ManifestResourceCompile:
         All outputs are up-to-date.
       Link:
         c:\Program Files (x86)\Microsoft Visual Studio 10.0\VC\bin\link.exe /ERRORREPORT:PROMPT /OUT:"C:\Users\Tylar\Documents\Garnet-Engine\Garnet Engine\Debug\Garnet Engine.exe" /INCREMENTAL /NOLOGO kernel32.lib user32.lib gdi32.lib winspool.lib comdlg32.lib advapi32.lib shell32.lib ole32.lib oleaut32.lib uuid.lib odbc32.lib odbccp32.lib /MANIFEST /ManifestFile:"Debug\Garnet Engine.exe.intermediate.manifest" /MANIFESTUAC:"level='asInvoker' uiAccess='false'" /DEBUG /PDB:"C:\Users\Tylar\Documents\Garnet-Engine\Garnet Engine\Debug\Garnet Engine.pdb" /SUBSYSTEM:WINDOWS /TLBID:1 /DYNAMICBASE /NXCOMPAT /IMPLIB:"C:\Users\Tylar\Documents\Garnet-Engine\Garnet Engine\Debug\Garnet Engine.lib" /MACHINE:X86 "Debug\Garnet Engine.exe.embed.manifest.res"
         Debug\bitmapclass.obj
         Debug\cameraclass.obj
         Debug\colorshaderclass.obj
         Debug\d3dclass.obj
         Debug\graphicsclass.obj
         Debug\inputclass.obj
         Debug\main.obj
         Debug\modelclass.obj
         Debug\systemclass.obj
         Debug\textureclass.obj
         Debug\textureshaderclass.obj
       Manifest:
         C:\Program Files (x86)\Microsoft SDKs\Windows\v7.0A\bin\mt.exe /nologo /verbose /out:"Debug\Garnet Engine.exe.embed.manifest" /manifest "Debug\Garnet Engine.exe.intermediate.manifest"
         All outputs are up-to-date.
       LinkEmbedManifest:
         All outputs are up-to-date.
         Garnet Engine.vcxproj -> C:\Users\Tylar\Documents\Garnet-Engine\Garnet Engine\Debug\Garnet Engine.exe
       FinalizeBuildStatus:
         Deleting file "Debug\Garnet Engine.unsuccessfulbuild".
         Touching "Debug\Garnet Engine.lastbuildstate".
     1>Done Building Project "C:\Users\Tylar\Documents\Garnet-Engine\Garnet Engine\Garnet Engine\Garnet Engine.vcxproj" (build target(s)).

Build succeeded.

Time Elapsed 00:00:01.86
